0 info it worked if it ends with ok
1 verbose cli [ 'C:\\Program Files\\nodejs\\node.exe',
1 verbose cli   'C:\\Program Files\\nodejs\\node_modules\\npm\\bin\\npm-cli.js',
1 verbose cli   'run',
1 verbose cli   'lint' ]
2 info using npm@3.10.10
3 info using node@v6.9.3
4 verbose run-script [ 'prelint', 'lint', 'postlint' ]
5 info lifecycle eslint-demo@1.0.0~prelint: eslint-demo@1.0.0
6 silly lifecycle eslint-demo@1.0.0~prelint: no script for prelint, continuing
7 info lifecycle eslint-demo@1.0.0~lint: eslint-demo@1.0.0
8 verbose lifecycle eslint-demo@1.0.0~lint: unsafe-perm in lifecycle true
9 verbose lifecycle eslint-demo@1.0.0~lint: PATH: C:\Program Files\nodejs\node_modules\npm\bin\node-gyp-bin;E:\GBK\test\jstraining-master\demos\eslint-demo\node_modules\.bin;D:\JAVA\maven\bin;C:\Program Files\Java\jdk1.7.0_79\bin;C:\Windows\system32;C:\Windows;C:\Windows\System32\Wbem;C:\Windows\System32\WindowsPowerShell\v1.0\;C:\Program Files (x86)\NVIDIA Corporation\PhysX\Common;D:\git\Git\cmd;C:\Program Files\OpenVPN\bin;C:\Program Files\nodejs\;C:\Ruby23-x64\bin;C:\Users\ouer\AppData\Roaming\npm
10 verbose lifecycle eslint-demo@1.0.0~lint: CWD: E:\GBK\test\jstraining-master\demos\eslint-demo
11 silly lifecycle eslint-demo@1.0.0~lint: Args: [ '/d /s /c', 'eslint **/*.js' ]
12 silly lifecycle eslint-demo@1.0.0~lint: Returned: code: 1  signal: null
13 info lifecycle eslint-demo@1.0.0~lint: Failed to exec lint script
14 verbose stack Error: eslint-demo@1.0.0 lint: `eslint **/*.js`
14 verbose stack Exit status 1
14 verbose stack     at EventEmitter.<anonymous> (C:\Program Files\nodejs\node_modules\npm\lib\utils\lifecycle.js:255:16)
14 verbose stack     at emitTwo (events.js:106:13)
14 verbose stack     at EventEmitter.emit (events.js:191:7)
14 verbose stack     at ChildProcess.<anonymous> (C:\Program Files\nodejs\node_modules\npm\lib\utils\spawn.js:40:14)
14 verbose stack     at emitTwo (events.js:106:13)
14 verbose stack     at ChildProcess.emit (events.js:191:7)
14 verbose stack     at maybeClose (internal/child_process.js:877:16)
14 verbose stack     at Process.ChildProcess._handle.onexit (internal/child_process.js:226:5)
15 verbose pkgid eslint-demo@1.0.0
16 verbose cwd E:\GBK\test\jstraining-master\demos\eslint-demo
17 error Windows_NT 6.1.7601
18 error argv "C:\\Program Files\\nodejs\\node.exe" "C:\\Program Files\\nodejs\\node_modules\\npm\\bin\\npm-cli.js" "run" "lint"
19 error node v6.9.3
20 error npm  v3.10.10
21 error code ELIFECYCLE
22 error eslint-demo@1.0.0 lint: `eslint **/*.js`
22 error Exit status 1
23 error Failed at the eslint-demo@1.0.0 lint script 'eslint **/*.js'.
23 error Make sure you have the latest version of node.js and npm installed.
23 error If you do, this is most likely a problem with the eslint-demo package,
23 error not with npm itself.
23 error Tell the author that this fails on your system:
23 error     eslint **/*.js
23 error You can get information on how to open an issue for this project with:
23 error     npm bugs eslint-demo
23 error Or if that isn't available, you can get their info via:
23 error     npm owner ls eslint-demo
23 error There is likely additional logging output above.
24 verbose exit [ 1, true ]
